<?xml version="1.0" encoding="UTF-8"?>
<testsuite name="Rest Assured" tests="5" skipped="0" failures="0" errors="0" timestamp="2023-05-16T00:12:24" hostname="LAPTOP-VI9D13P0" time="4.313">
  <properties/>
  <testcase name="testTrelloWithRequestSpecification()" classname="com.qaacademy.module4.automation.core.api.RestAssuredTest" time="1.474"/>
  <testcase name="testTrelloSimple()" classname="com.qaacademy.module4.automation.core.api.RestAssuredTest" time="0.492"/>
  <testcase name="testTrelloWhitResponseSpecification()" classname="com.qaacademy.module4.automation.core.api.RestAssuredTest" time="0.554"/>
  <testcase name="testTrelloWhitJUnit()" classname="com.qaacademy.module4.automation.core.api.RestAssuredTest" time="0.514"/>
  <testcase name="testTrelloWhitCustomValidation()" classname="com.qaacademy.module4.automation.core.api.RestAssuredTest" time="1.274"/>
  <system-out><![CDATA[Request method:	GET
Request URI:	https://api.trello.com/1/members/me/boards?key=5542bb122572b0a33d33fc15891f1a43&token=ATTAf525f4a28dfaeb036832f3d3fa84babd06f93fd6b8654f7e6f8a297273d2a2aeD0BCF9C5
Proxy:			<none>
Request params:	<none>
Query params:	<none>
Form params:	<none>
Path params:	<none>
Headers:		Accept=*/*
Cookies:		<none>
Multiparts:		<none>
Body:			<none>
Request method:	GET
Request URI:	https://api.trello.com/1/members/me/boards?key=5542bb122572b0a33d33fc15891f1a43&token=ATTAf525f4a28dfaeb036832f3d3fa84babd06f93fd6b8654f7e6f8a297273d2a2aeD0BCF9C5
Proxy:			<none>
Request params:	<none>
Query params:	<none>
Form params:	<none>
Path params:	<none>
Headers:		Accept=*/*
Cookies:		<none>
Multiparts:		<none>
Body:			<none>
Request method:	GET
Request URI:	https://api.trello.com/1/members/me/boards?key=5542bb122572b0a33d33fc15891f1a43&token=ATTAf525f4a28dfaeb036832f3d3fa84babd06f93fd6b8654f7e6f8a297273d2a2aeD0BCF9C5
Proxy:			<none>
Request params:	<none>
Query params:	<none>
Form params:	<none>
Path params:	<none>
Headers:		Accept=*/*
Cookies:		<none>
Multiparts:		<none>
Body:			<none>
Request method:	GET
Request URI:	https://api.trello.com/1/members/me/boards?key=5542bb122572b0a33d33fc15891f1a43&token=ATTAf525f4a28dfaeb036832f3d3fa84babd06f93fd6b8654f7e6f8a297273d2a2aeD0BCF9C5
Proxy:			<none>
Request params:	<none>
Query params:	key=5542bb122572b0a33d33fc15891f1a43
				token=ATTAf525f4a28dfaeb036832f3d3fa84babd06f93fd6b8654f7e6f8a297273d2a2aeD0BCF9C5
Form params:	<none>
Path params:	<none>
Headers:		Accept=*/*
Cookies:		<none>
Multiparts:		<none>
Body:			<none>
Request method:	POST
Request URI:	https://api.trello.com/1/boards?key=5542bb122572b0a33d33fc15891f1a43&token=ATTAf525f4a28dfaeb036832f3d3fa84babd06f93fd6b8654f7e6f8a297273d2a2aeD0BCF9C5
Proxy:			<none>
Request params:	<none>
Query params:	key=5542bb122572b0a33d33fc15891f1a43
				token=ATTAf525f4a28dfaeb036832f3d3fa84babd06f93fd6b8654f7e6f8a297273d2a2aeD0BCF9C5
Form params:	<none>
Path params:	<none>
Headers:		Accept=*/*
				Content-Type=application/json
Cookies:		<none>
Multiparts:		<none>
Body:
{
    "name": "Automation-test-01"
}
]]></system-out>
  <system-err><![CDATA[]]></system-err>
</testsuite>
